  spaceTravelFrustumCulled.cpp
c:\users\tyler\documents\github\systems2018\optimization\quadtreeexamplepotentialprogrampracticeassignment\spacetravelquadtree\spacetravelfrustumculled.cpp(89): warning C4101: 'c': unreferenced local variable
c:\users\tyler\documents\github\systems2018\optimization\quadtreeexamplepotentialprogrampracticeassignment\spacetravelquadtree\spacetravelfrustumculled.cpp(122): warning C4244: 'initializing': conversion from 'double' to 'float', possible loss of data
c:\users\tyler\documents\github\systems2018\optimization\quadtreeexamplepotentialprogrampracticeassignment\spacetravelquadtree\spacetravelfrustumculled.cpp(174): warning C4244: '=': conversion from 'double' to 'float', possible loss of data
c:\users\tyler\documents\github\systems2018\optimization\quadtreeexamplepotentialprogrampracticeassignment\spacetravelquadtree\spacetravelfrustumculled.cpp(175): warning C4244: '=': conversion from 'double' to 'float', possible loss of data
c:\users\tyler\documents\github\systems2018\optimization\quadtreeexamplepotentialprogrampracticeassignment\spacetravelquadtree\spacetravelfrustumculled.cpp(176): warning C4244: '=': conversion from 'double' to 'float', possible loss of data
c:\users\tyler\documents\github\systems2018\optimization\quadtreeexamplepotentialprogrampracticeassignment\spacetravelquadtree\spacetravelfrustumculled.cpp(177): warning C4244: '=': conversion from 'double' to 'float', possible loss of data
c:\users\tyler\documents\github\systems2018\optimization\quadtreeexamplepotentialprogrampracticeassignment\spacetravelquadtree\spacetravelfrustumculled.cpp(178): warning C4244: '=': conversion from 'double' to 'float', possible loss of data
c:\users\tyler\documents\github\systems2018\optimization\quadtreeexamplepotentialprogrampracticeassignment\spacetravelquadtree\spacetravelfrustumculled.cpp(179): warning C4244: '=': conversion from 'double' to 'float', possible loss of data
c:\users\tyler\documents\github\systems2018\optimization\quadtreeexamplepotentialprogrampracticeassignment\spacetravelquadtree\spacetravelfrustumculled.cpp(180): warning C4244: '=': conversion from 'double' to 'float', possible loss of data
c:\users\tyler\documents\github\systems2018\optimization\quadtreeexamplepotentialprogrampracticeassignment\spacetravelquadtree\spacetravelfrustumculled.cpp(181): warning C4244: '=': conversion from 'double' to 'float', possible loss of data
c:\users\tyler\documents\github\systems2018\optimization\quadtreeexamplepotentialprogrampracticeassignment\spacetravelquadtree\spacetravelfrustumculled.cpp(191): warning C4244: '=': conversion from 'double' to 'float', possible loss of data
c:\users\tyler\documents\github\systems2018\optimization\quadtreeexamplepotentialprogrampracticeassignment\spacetravelquadtree\spacetravelfrustumculled.cpp(192): warning C4244: '=': conversion from 'double' to 'float', possible loss of data
c:\users\tyler\documents\github\systems2018\optimization\quadtreeexamplepotentialprogrampracticeassignment\spacetravelquadtree\spacetravelfrustumculled.cpp(193): warning C4244: '=': conversion from 'double' to 'float', possible loss of data
c:\users\tyler\documents\github\systems2018\optimization\quadtreeexamplepotentialprogrampracticeassignment\spacetravelquadtree\spacetravelfrustumculled.cpp(196): warning C4244: '=': conversion from 'double' to 'float', possible loss of data
c:\users\tyler\documents\github\systems2018\optimization\quadtreeexamplepotentialprogrampracticeassignment\spacetravelquadtree\spacetravelfrustumculled.cpp(197): warning C4244: '=': conversion from 'double' to 'float', possible loss of data
c:\users\tyler\documents\github\systems2018\optimization\quadtreeexamplepotentialprogrampracticeassignment\spacetravelquadtree\spacetravelfrustumculled.cpp(198): warning C4244: '=': conversion from 'double' to 'float', possible loss of data
c:\users\tyler\documents\github\systems2018\optimization\quadtreeexamplepotentialprogrampracticeassignment\spacetravelquadtree\spacetravelfrustumculled.cpp(200): warning C4244: '=': conversion from 'double' to 'float', possible loss of data
c:\users\tyler\documents\github\systems2018\optimization\quadtreeexamplepotentialprogrampracticeassignment\spacetravelquadtree\spacetravelfrustumculled.cpp(201): warning C4244: '=': conversion from 'double' to 'float', possible loss of data
c:\users\tyler\documents\github\systems2018\optimization\quadtreeexamplepotentialprogrampracticeassignment\spacetravelquadtree\spacetravelfrustumculled.cpp(202): warning C4244: '=': conversion from 'double' to 'float', possible loss of data
c:\users\tyler\documents\github\systems2018\optimization\quadtreeexamplepotentialprogrampracticeassignment\spacetravelquadtree\spacetravelfrustumculled.cpp(204): warning C4244: '=': conversion from 'double' to 'float', possible loss of data
c:\users\tyler\documents\github\systems2018\optimization\quadtreeexamplepotentialprogrampracticeassignment\spacetravelquadtree\spacetravelfrustumculled.cpp(205): warning C4244: '=': conversion from 'double' to 'float', possible loss of data
c:\users\tyler\documents\github\systems2018\optimization\quadtreeexamplepotentialprogrampracticeassignment\spacetravelquadtree\spacetravelfrustumculled.cpp(206): warning C4244: '=': conversion from 'double' to 'float', possible loss of data
c:\users\tyler\documents\github\systems2018\optimization\quadtreeexamplepotentialprogrampracticeassignment\spacetravelquadtree\spacetravelfrustumculled.cpp(215): warning C4244: '=': conversion from 'double' to 'float', possible loss of data
c:\users\tyler\documents\github\systems2018\optimization\quadtreeexamplepotentialprogrampracticeassignment\spacetravelquadtree\spacetravelfrustumculled.cpp(216): warning C4244: '=': conversion from 'double' to 'float', possible loss of data
c:\users\tyler\documents\github\systems2018\optimization\quadtreeexamplepotentialprogrampracticeassignment\spacetravelquadtree\spacetravelfrustumculled.cpp(217): warning C4244: '=': conversion from 'double' to 'float', possible loss of data
c:\users\tyler\documents\github\systems2018\optimization\quadtreeexamplepotentialprogrampracticeassignment\spacetravelquadtree\spacetravelfrustumculled.cpp(220): warning C4244: '=': conversion from 'double' to 'float', possible loss of data
c:\users\tyler\documents\github\systems2018\optimization\quadtreeexamplepotentialprogrampracticeassignment\spacetravelquadtree\spacetravelfrustumculled.cpp(221): warning C4244: '=': conversion from 'double' to 'float', possible loss of data
c:\users\tyler\documents\github\systems2018\optimization\quadtreeexamplepotentialprogrampracticeassignment\spacetravelquadtree\spacetravelfrustumculled.cpp(222): warning C4244: '=': conversion from 'double' to 'float', possible loss of data
c:\users\tyler\documents\github\systems2018\optimization\quadtreeexamplepotentialprogrampracticeassignment\spacetravelquadtree\spacetravelfrustumculled.cpp(224): warning C4244: '=': conversion from 'double' to 'float', possible loss of data
c:\users\tyler\documents\github\systems2018\optimization\quadtreeexamplepotentialprogrampracticeassignment\spacetravelquadtree\spacetravelfrustumculled.cpp(225): warning C4244: '=': conversion from 'double' to 'float', possible loss of data
c:\users\tyler\documents\github\systems2018\optimization\quadtreeexamplepotentialprogrampracticeassignment\spacetravelquadtree\spacetravelfrustumculled.cpp(226): warning C4244: '=': conversion from 'double' to 'float', possible loss of data
c:\users\tyler\documents\github\systems2018\optimization\quadtreeexamplepotentialprogrampracticeassignment\spacetravelquadtree\spacetravelfrustumculled.cpp(228): warning C4244: '=': conversion from 'double' to 'float', possible loss of data
c:\users\tyler\documents\github\systems2018\optimization\quadtreeexamplepotentialprogrampracticeassignment\spacetravelquadtree\spacetravelfrustumculled.cpp(229): warning C4244: '=': conversion from 'double' to 'float', possible loss of data
c:\users\tyler\documents\github\systems2018\optimization\quadtreeexamplepotentialprogrampracticeassignment\spacetravelquadtree\spacetravelfrustumculled.cpp(230): warning C4244: '=': conversion from 'double' to 'float', possible loss of data
c:\users\tyler\documents\github\systems2018\optimization\quadtreeexamplepotentialprogrampracticeassignment\spacetravelquadtree\spacetravelfrustumculled.cpp(294): warning C4244: 'argument': conversion from 'double' to 'float', possible loss of data
c:\users\tyler\documents\github\systems2018\optimization\quadtreeexamplepotentialprogrampracticeassignment\spacetravelquadtree\spacetravelfrustumculled.cpp(302): warning C4244: 'argument': conversion from 'double' to 'float', possible loss of data
c:\users\tyler\documents\github\systems2018\optimization\quadtreeexamplepotentialprogrampracticeassignment\spacetravelquadtree\spacetravelfrustumculled.cpp(312): warning C4244: 'argument': conversion from 'double' to 'float', possible loss of data
c:\users\tyler\documents\github\systems2018\optimization\quadtreeexamplepotentialprogrampracticeassignment\spacetravelquadtree\spacetravelfrustumculled.cpp(362): warning C4244: 'initializing': conversion from 'double' to 'float', possible loss of data
c:\users\tyler\documents\github\systems2018\optimization\quadtreeexamplepotentialprogrampracticeassignment\spacetravelquadtree\spacetravelfrustumculled.cpp(363): warning C4244: 'initializing': conversion from 'double' to 'float', possible loss of data
c:\users\tyler\documents\github\systems2018\optimization\quadtreeexamplepotentialprogrampracticeassignment\spacetravelquadtree\spacetravelfrustumculled.cpp(372): warning C4305: 'argument': truncation from 'double' to 'float'
c:\users\tyler\documents\github\systems2018\optimization\quadtreeexamplepotentialprogrampracticeassignment\spacetravelquadtree\spacetravelfrustumculled.cpp(381): warning C4101: 'i': unreferenced local variable
c:\users\tyler\documents\github\systems2018\optimization\quadtreeexamplepotentialprogrampracticeassignment\spacetravelquadtree\spacetravelfrustumculled.cpp(453): warning C4244: 'argument': conversion from 'double' to 'GLsizei', possible loss of data
c:\users\tyler\documents\github\systems2018\optimization\quadtreeexamplepotentialprogrampracticeassignment\spacetravelquadtree\spacetravelfrustumculled.cpp(489): warning C4244: 'argument': conversion from 'double' to 'GLsizei', possible loss of data
c:\users\tyler\documents\github\systems2018\optimization\quadtreeexamplepotentialprogrampracticeassignment\spacetravelquadtree\spacetravelfrustumculled.cpp(519): warning C4244: 'argument': conversion from 'double' to 'GLsizei', possible loss of data
c:\users\tyler\documents\github\systems2018\optimization\quadtreeexamplepotentialprogrampracticeassignment\spacetravelquadtree\spacetravelfrustumculled.cpp(519): warning C4244: 'argument': conversion from 'double' to 'GLint', possible loss of data
c:\users\tyler\documents\github\systems2018\optimization\quadtreeexamplepotentialprogrampracticeassignment\spacetravelquadtree\spacetravelfrustumculled.cpp(545): warning C4244: 'argument': conversion from 'double' to 'float', possible loss of data
c:\users\tyler\documents\github\systems2018\optimization\quadtreeexamplepotentialprogrampracticeassignment\spacetravelquadtree\spacetravelfrustumculled.cpp(564): warning C4244: 'initializing': conversion from 'double' to 'float', possible loss of data
c:\users\tyler\documents\github\systems2018\optimization\quadtreeexamplepotentialprogrampracticeassignment\spacetravelquadtree\spacetravelfrustumculled.cpp(565): warning C4244: 'initializing': conversion from 'double' to 'float', possible loss of data
c:\users\tyler\documents\github\systems2018\optimization\quadtreeexamplepotentialprogrampracticeassignment\spacetravelquadtree\spacetravelfrustumculled.cpp(566): warning C4244: 'initializing': conversion from 'double' to 'float', possible loss of data
c:\users\tyler\documents\github\systems2018\optimization\quadtreeexamplepotentialprogrampracticeassignment\spacetravelquadtree\spacetravelfrustumculled.cpp(567): warning C4244: 'initializing': conversion from 'double' to 'float', possible loss of data
c:\users\tyler\documents\github\systems2018\optimization\quadtreeexamplepotentialprogrampracticeassignment\spacetravelquadtree\spacetravelfrustumculled.cpp(577): warning C4244: 'argument': conversion from 'double' to 'float', possible loss of data
c:\users\tyler\documents\github\systems2018\optimization\quadtreeexamplepotentialprogrampracticeassignment\spacetravelquadtree\spacetravelfrustumculled.cpp(598): warning C4244: '=': conversion from 'double' to 'float', possible loss of data
c:\users\tyler\documents\github\systems2018\optimization\quadtreeexamplepotentialprogrampracticeassignment\spacetravelquadtree\spacetravelfrustumculled.cpp(601): warning C4244: '=': conversion from 'double' to 'float', possible loss of data
c:\users\tyler\documents\github\systems2018\optimization\quadtreeexamplepotentialprogrampracticeassignment\spacetravelquadtree\spacetravelfrustumculled.cpp(604): warning C4244: '=': conversion from 'double' to 'float', possible loss of data
c:\users\tyler\documents\github\systems2018\optimization\quadtreeexamplepotentialprogrampracticeassignment\spacetravelquadtree\spacetravelfrustumculled.cpp(605): warning C4244: '=': conversion from 'double' to 'float', possible loss of data
c:\users\tyler\documents\github\systems2018\optimization\quadtreeexamplepotentialprogrampracticeassignment\spacetravelquadtree\spacetravelfrustumculled.cpp(608): warning C4244: '=': conversion from 'double' to 'float', possible loss of data
c:\users\tyler\documents\github\systems2018\optimization\quadtreeexamplepotentialprogrampracticeassignment\spacetravelquadtree\spacetravelfrustumculled.cpp(609): warning C4244: '=': conversion from 'double' to 'float', possible loss of data
  SpaceTravelQuadTree.vcxproj -> C:\Users\tyler\Documents\GitHub\SYSTEMS2018\optimization\quadTreeExamplePotentialProgramPracticeAssignment\Debug\SpaceTravelQuadTree.exe
  SpaceTravelQuadTree.vcxproj -> C:\Users\tyler\Documents\GitHub\SYSTEMS2018\optimization\quadTreeExamplePotentialProgramPracticeAssignment\Debug\SpaceTravelQuadTree.pdb (Partial PDB)
  C:\Users\tyler\Documents\GitHub\SYSTEMS2018\optimization\quadTreeExamplePotentialProgramPracticeAssignment\GL\x86\bin\glew32.dll
  C:\Users\tyler\Documents\GitHub\SYSTEMS2018\optimization\quadTreeExamplePotentialProgramPracticeAssignment\GL\x86\bin\glew32mx.dll
  C:\Users\tyler\Documents\GitHub\SYSTEMS2018\optimization\quadTreeExamplePotentialProgramPracticeAssignment\GL\x86\bin\glfw3.dll
  3 File(s) copied
